This file contains any messages produced by compilers while
running configure, to aid debugging if configure makes a mistake.

It was created by Squid Web Proxy configure 2.7.STABLE9, which was
generated by GNU Autoconf 2.62.  Invocation command line was

  $ ./configure --host=bfin-linux-uclibc

## --------- ##
## Platform. ##
## --------- ##

hostname = localhost.localdomain
uname -m = i686
uname -r = 2.6.18-92.1.22.el5
uname -s = Linux
uname -v = #1 SMP Tue Dec 16 12:03:43 EST 2008

/usr/bin/uname -p = unknown
/bin/uname -X     = unknown

/bin/arch              = i686
/usr/bin/arch -k       = unknown
/usr/convex/getsysinfo = unknown
/usr/bin/hostinfo      = unknown
/bin/machine           = unknown
/usr/bin/oslevel       = unknown
/bin/universe          = unknown

PATH: /usr/local/src/BAPS2/opt/uClinux/bfin-linux-uclibc/bin
PATH: /usr/local/src/BAPS2/opt/uClinux/bfin-uclinux/bin
PATH: /usr/kerberos/sbin
PATH: /usr/kerberos/bin
PATH: /usr/local/sbin
PATH: /usr/local/bin
PATH: /sbin
PATH: /bin
PATH: /usr/sbin
PATH: /usr/bin
PATH: /root/bin
PATH: /usr/local/src/BAPS2/opt/uClinux/bfin-uclinux/bin
PATH: /usr/local/src/BAPS2/opt/uClinux/bfin-linux-uclibc/bin
PATH: scripts
PATH: scripts/ipkg-utils
PATH: include


## ----------- ##
## Core tests. ##
## ----------- ##

configure:2249: checking for a BSD-compatible install
configure:2317: result: /usr/bin/install -c
configure:2328: checking whether build environment is sane
configure:2371: result: yes
configure:2396: checking for a thread-safe mkdir -p
configure:2435: result: /bin/mkdir -p
configure:2448: checking for gawk
configure:2464: found /bin/gawk
configure:2475: result: gawk
configure:2486: checking whether make sets $(MAKE)
configure:2508: result: yes
configure:2588: checking for bfin-linux-uclibc-strip
configure:2604: found /usr/local/src/BAPS2/opt/uClinux/bfin-linux-uclibc/bin/bfin-linux-uclibc-strip
configure:2615: result: bfin-linux-uclibc-strip
configure:2697: checking whether to enable maintainer-specific portions of Makefiles
configure:2706: result: no
configure:2735: checking for bfin-linux-uclibc-gcc
configure:2751: found /usr/local/src/BAPS2/opt/uClinux/bfin-linux-uclibc/bin/bfin-linux-uclibc-gcc
configure:2762: result: bfin-linux-uclibc-gcc
configure:3040: checking for C compiler version
configure:3048: bfin-linux-uclibc-gcc --version >&5
bfin-linux-uclibc-gcc (GCC) 4.1.2 (ADI svn)
Copyright (C) 2006 Free Software Foundation, Inc.
This is free software; see the source for copying conditions.  There is NO
warranty; not even for MERCHANTABILITY or FITNESS FOR A PARTICULAR PURPOSE.

configure:3052: $? = 0
configure:3059: bfin-linux-uclibc-gcc -v >&5
Using built-in specs.
Target: bfin-linux-uclibc
Configured with: /usr/src/packages/BUILD/blackfin-toolchain-08r1.5/../gcc-4.1/configure --build=i686-pc-linux-gnu --host=i686-pc-linux-gnu --target=bfin-linux-uclibc --prefix=/opt/uClinux/bfin-linux-uclibc --enable-threads=posix --enable-shared --with-sysroot=/opt/uClinux/bfin-linux-uclibc/bfin-linux-uclibc/runtime --disable-libstdcxx-pch --disable-symvers --disable-libssp --disable-libffi --enable-clocale=generic --enable-version-specific-runtime-libs --enable-__cxa_atexit
Thread model: posix
gcc version 4.1.2 (ADI svn)
configure:3063: $? = 0
configure:3070: bfin-linux-uclibc-gcc -V >&5
bfin-linux-uclibc-gcc: '-V' option must have argument
configure:3074: $? = 1
configure:3097: checking for C compiler default output file name
configure:3119: bfin-linux-uclibc-gcc   -g conftest.c  >&5
configure:3123: $? = 0
configure:3161: result: a.out
configure:3178: checking whether the C compiler works
configure:3188: ./a.out
./configure: line 3190: ./a.out: cannot execute binary file
configure:3192: $? = 126
configure:3209: result: yes
configure:3216: checking whether we are cross compiling
configure:3218: result: yes
configure:3221: checking for suffix of executables
configure:3228: bfin-linux-uclibc-gcc -o conftest   -g conftest.c  >&5
configure:3232: $? = 0
configure:3256: result: 
configure:3262: checking for suffix of object files
configure:3288: bfin-linux-uclibc-gcc -c   conftest.c >&5
configure:3292: $? = 0
configure:3315: result: o
configure:3319: checking whether we are using the GNU C compiler
configure:3348: bfin-linux-uclibc-gcc -c   conftest.c >&5
configure:3355: $? = 0
configure:3372: result: yes
configure:3381: checking whether bfin-linux-uclibc-gcc accepts -g
configure:3411: bfin-linux-uclibc-gcc -c -g  conftest.c >&5
configure:3418: $? = 0
configure:3519: result: yes
configure:3536: checking for bfin-linux-uclibc-gcc option to accept ISO C89
configure:3610: bfin-linux-uclibc-gcc  -c -g -O2  conftest.c >&5
configure:3617: $? = 0
configure:3640: result: none needed
configure:3669: checking for style of include used by make
configure:3697: result: GNU
configure:3722: checking dependency style of bfin-linux-uclibc-gcc
configure:3813: result: gcc3
configure:3829: checking whether bfin-linux-uclibc-gcc and cc understand -c and -o together
configure:3864: bfin-linux-uclibc-gcc -c conftest.c -o conftest2.o >&5
configure:3868: $? = 0
configure:3874: bfin-linux-uclibc-gcc -c conftest.c -o conftest2.o >&5
configure:3878: $? = 0
configure:3889: cc -c conftest.c >&5
configure:3893: $? = 0
configure:3901: cc -c conftest.c -o conftest2.o >&5
configure:3905: $? = 0
configure:3911: cc -c conftest.c -o conftest2.o >&5
configure:3915: $? = 0
configure:3933: result: yes
configure:3965: checking build system type
configure:3983: result: i686-pc-linux-gnu
configure:4005: checking host system type
configure:4014: error: /bin/sh cfgaux/config.sub bfin-linux-uclibc failed

## ---------------- ##
## Cache variables. ##
## ---------------- ##

ac_cv_build=i686-pc-linux-gnu
ac_cv_c_compiler_gnu=yes
ac_cv_env_CC_set=
ac_cv_env_CC_value=
ac_cv_env_CFLAGS_set=
ac_cv_env_CFLAGS_value=
ac_cv_env_CPPFLAGS_set=
ac_cv_env_CPPFLAGS_value=
ac_cv_env_CPP_set=
ac_cv_env_CPP_value=
ac_cv_env_LDFLAGS_set=
ac_cv_env_LDFLAGS_value=
ac_cv_env_LIBS_set=
ac_cv_env_LIBS_value=
ac_cv_env_build_alias_set=
ac_cv_env_build_alias_value=
ac_cv_env_host_alias_set=set
ac_cv_env_host_alias_value=bfin-linux-uclibc
ac_cv_env_target_alias_set=
ac_cv_env_target_alias_value=
ac_cv_host=
ac_cv_objext=o
ac_cv_path_install='/usr/bin/install -c'
ac_cv_path_mkdir=/bin/mkdir
ac_cv_prog_AWK=gawk
ac_cv_prog_CC=bfin-linux-uclibc-gcc
ac_cv_prog_STRIP=bfin-linux-uclibc-strip
ac_cv_prog_cc_bfin_linux_uclibc_gcc_c_o=yes
ac_cv_prog_cc_c89=
ac_cv_prog_cc_g=yes
ac_cv_prog_make_make_set=yes
am_cv_CC_dependencies_compiler_type=gcc3

## ----------------- ##
## Output variables. ##
## ----------------- ##

ACLOCAL='${SHELL} /usr/local/src/BAPS2/squid-2.7.STABLE9/cfgaux/missing --run aclocal-1.10'
ALLOCA=''
AMDEPBACKSLASH='\'
AMDEP_FALSE='#'
AMDEP_TRUE=''
AMTAR='${SHELL} /usr/local/src/BAPS2/squid-2.7.STABLE9/cfgaux/missing --run tar'
AR=''
AR_R=''
AUTH_LIBS=''
AUTH_MODULES=''
AUTH_OBJS=''
AUTOCONF='${SHELL} /usr/local/src/BAPS2/squid-2.7.STABLE9/cfgaux/missing --run autoconf'
AUTOHEADER='${SHELL} /usr/local/src/BAPS2/squid-2.7.STABLE9/cfgaux/missing --run autoheader'
AUTOMAKE='${SHELL} /usr/local/src/BAPS2/squid-2.7.STABLE9/cfgaux/missing --run automake-1.10'
AWK='gawk'
BASIC_AUTH_HELPERS=''
CACHE_HTTP_PORT=''
CACHE_ICP_PORT=''
CC='bfin-linux-uclibc-gcc'
CCDEPMODE='depmode=gcc3'
CFLAGS='-g -O2'
CGIEXT=''
CPP=''
CPPFLAGS=''
CRYPTLIB=''
CYGPATH_W='echo'
DEFS=''
DEPDIR='.deps'
DIGEST_AUTH_HELPERS=''
ECHO_C=''
ECHO_N='-n'
ECHO_T=''
EGREP=''
ENABLE_HTCP_FALSE=''
ENABLE_HTCP_TRUE=''
ENABLE_MINGW32SPECIFIC_FALSE=''
ENABLE_MINGW32SPECIFIC_TRUE=''
ENABLE_PINGER_FALSE=''
ENABLE_PINGER_TRUE=''
ENABLE_SSL_FALSE=''
ENABLE_SSL_TRUE=''
ENABLE_UNLINKD_FALSE=''
ENABLE_UNLINKD_TRUE=''
ENABLE_WIN32SPECIFIC_FALSE=''
ENABLE_WIN32SPECIFIC_TRUE=''
ERR_DEFAULT_LANGUAGE=''
ERR_LANGUAGES=''
EXEEXT=''
EXTERNAL_ACL_HELPERS=''
FALSE=''
GREP=''
INSTALL_DATA='${INSTALL} -m 644'
INSTALL_PROGRAM='${INSTALL}'
INSTALL_SCRIPT='${INSTALL}'
INSTALL_STRIP_PROGRAM='$(install_sh) -c -s'
LDFLAGS='-g'
LIBDLMALLOC=''
LIBOBJS=''
LIBREGEX=''
LIBS=''
LIBSASL=''
LIB_DB=''
LIB_EPOLL=''
LIB_LDAP=''
LIB_MALLOC=''
LN=''
LN_S=''
LTLIBOBJS=''
MAINT='#'
MAINTAINER_MODE_FALSE=''
MAINTAINER_MODE_TRUE='#'
MAKEINFO='${SHELL} /usr/local/src/BAPS2/squid-2.7.STABLE9/cfgaux/missing --run makeinfo'
MAKE_LEAKFINDER_FALSE=''
MAKE_LEAKFINDER_TRUE=''
MKDIR=''
MKDIR_P='/bin/mkdir -p'
MV=''
NEED_COSSDUMP_FALSE=''
NEED_COSSDUMP_TRUE=''
NEED_DISKD_FALSE=''
NEED_DISKD_TRUE=''
NEED_OWN_SNPRINTF_FALSE=''
NEED_OWN_SNPRINTF_TRUE=''
NEED_OWN_STRSEP_FALSE=''
NEED_OWN_STRSEP_TRUE=''
NEGOTIATE_AUTH_HELPERS=''
NIS_LIBS=''
NTLM_AUTH_HELPERS=''
OBJEXT='o'
OPT_DEFAULT_HOSTS=''
PACKAGE='squid'
PACKAGE_BUGREPORT='http://bugs.squid-cache.org/'
PACKAGE_NAME='Squid Web Proxy'
PACKAGE_STRING='Squid Web Proxy 2.7.STABLE9'
PACKAGE_TARNAME='squid'
PACKAGE_VERSION='2.7.STABLE9'
PATH_SEPARATOR=':'
PERL=''
PKGCONFIG=''
RANLIB=''
REGEXLIB=''
REPL_LIBS=''
REPL_OBJS=''
REPL_POLICIES=''
RM=''
SET_MAKE=''
SH=''
SHELL='/bin/sh'
SNMPLIB=''
SSLLIB=''
STORE_LIBS=''
STORE_MODULES=''
STORE_OBJS=''
STRIP='bfin-linux-uclibc-strip'
TRUE=''
USE_AIOPS_WIN32_FALSE=''
USE_AIOPS_WIN32_TRUE=''
USE_DELAY_POOLS_FALSE=''
USE_DELAY_POOLS_TRUE=''
USE_DEVPOLL_FALSE=''
USE_DEVPOLL_TRUE=''
USE_DNSSERVER_FALSE=''
USE_DNSSERVER_TRUE=''
USE_EPOLL_FALSE=''
USE_EPOLL_TRUE=''
USE_KQUEUE_FALSE=''
USE_KQUEUE_TRUE=''
USE_POLL_FALSE=''
USE_POLL_TRUE=''
USE_SELECT_FALSE=''
USE_SELECT_SIMPLE_FALSE=''
USE_SELECT_SIMPLE_TRUE=''
USE_SELECT_TRUE=''
USE_SELECT_WIN32_FALSE=''
USE_SELECT_WIN32_TRUE=''
USE_SNMP_FALSE=''
USE_SNMP_TRUE=''
VERSION='2.7.STABLE9'
WIN32_PSAPI=''
XTRA_LIBS=''
XTRA_OBJS=''
ac_ct_CC=''
am__fastdepCC_FALSE='#'
am__fastdepCC_TRUE=''
am__include='include'
am__isrc=''
am__leading_dot='.'
am__quote=''
am__tar='${AMTAR} chof - "$$tardir"'
am__untar='${AMTAR} xf -'
bindir='${exec_prefix}/bin'
build='i686-pc-linux-gnu'
build_alias=''
build_cpu='i686'
build_os='linux-gnu'
build_vendor='pc'
datadir='${datarootdir}'
datarootdir='${prefix}/share'
docdir='${datarootdir}/doc/${PACKAGE_TARNAME}'
dvidir='${docdir}'
exec_prefix='NONE'
host='bfin-linux-uclibc'
host_alias='bfin-linux-uclibc'
host_cpu=''
host_os=''
host_vendor=''
htmldir='${docdir}'
includedir='${prefix}/include'
infodir='${datarootdir}/info'
install_sh='$(SHELL) /usr/local/src/BAPS2/squid-2.7.STABLE9/cfgaux/install-sh'
libdir='${exec_prefix}/lib'
libexecdir='${exec_prefix}/libexec'
localedir='${datarootdir}/locale'
localstatedir='${prefix}/var'
makesnmplib=''
mandir='${datarootdir}/man'
mkdir_p='/bin/mkdir -p'
oldincludedir='/usr/include'
pdfdir='${docdir}'
prefix='NONE'
program_transform_name='s,x,x,'
psdir='${docdir}'
sbindir='${exec_prefix}/sbin'
sharedstatedir='${prefix}/com'
sysconfdir='${prefix}/etc'
target_alias=''

## ----------- ##
## confdefs.h. ##
## ----------- ##

#define PACKAGE_NAME "Squid Web Proxy"
#define PACKAGE_TARNAME "squid"
#define PACKAGE_VERSION "2.7.STABLE9"
#define PACKAGE_STRING "Squid Web Proxy 2.7.STABLE9"
#define PACKAGE_BUGREPORT "http://bugs.squid-cache.org/"
#define PACKAGE "squid"
#define VERSION "2.7.STABLE9"

configure: exit 1
